0 info it worked if it ends with ok
1 verbose cli [ 'node',
1 verbose cli   '/Users/christopherjennison/.nvm/versions/node/v0.12.7/bin/npm',
1 verbose cli   'start' ]
2 info using npm@3.3.9
3 info using node@v0.12.7
4 verbose run-script [ 'prestart', 'start', 'poststart' ]
5 info lifecycle sweepr-server@0.0.0~prestart: sweepr-server@0.0.0
6 silly lifecycle sweepr-server@0.0.0~prestart: no script for prestart, continuing
7 info lifecycle sweepr-server@0.0.0~start: sweepr-server@0.0.0
8 verbose lifecycle sweepr-server@0.0.0~start: unsafe-perm in lifecycle true
9 verbose lifecycle sweepr-server@0.0.0~start: PATH: /Users/christopherjennison/.nvm/versions/node/v0.12.7/lib/node_modules/npm/bin/node-gyp-bin:/Users/christopherjennison/src/sweepr/sweepr-server/node_modules/.bin:/Users/christopherjennison/.nvm/versions/node/v0.12.7/bin:/Users/christopherjennison/bin:/opt/local/bin:/opt/local/sbin:/usr/local/heroku/bin:/usr/local/bin:/Users/christopherjennison/.rvm/gems/ruby-2.1.0/bin:/Users/christopherjennison/.rvm/gems/ruby-2.1.0@global/bin:/Users/christopherjennison/.rvm/rubies/ruby-2.1.0/bin:/usr/local/bin:/usr/bin:/bin:/usr/sbin:/sbin:/opt/X11/bin:/usr/local/git/bin:/opt/ImageMagick/bin:/usr/texbin:/Users/christopherjennison/.rvm/bin
10 verbose lifecycle sweepr-server@0.0.0~start: CWD: /Users/christopherjennison/src/sweepr/sweepr-server
11 silly lifecycle sweepr-server@0.0.0~start: Args: [ '-c', 'node ./bin/www' ]
12 silly lifecycle sweepr-server@0.0.0~start: Returned: code: 1  signal: null
13 info lifecycle sweepr-server@0.0.0~start: Failed to exec start script
14 verbose stack Error: sweepr-server@0.0.0 start: `node ./bin/www`
14 verbose stack Exit status 1
14 verbose stack     at EventEmitter.<anonymous> (/Users/christopherjennison/.nvm/versions/node/v0.12.7/lib/node_modules/npm/lib/utils/lifecycle.js:233:16)
14 verbose stack     at EventEmitter.emit (events.js:110:17)
14 verbose stack     at ChildProcess.<anonymous> (/Users/christopherjennison/.nvm/versions/node/v0.12.7/lib/node_modules/npm/lib/utils/spawn.js:24:14)
14 verbose stack     at ChildProcess.emit (events.js:110:17)
14 verbose stack     at maybeClose (child_process.js:1015:16)
14 verbose stack     at Process.ChildProcess._handle.onexit (child_process.js:1087:5)
15 verbose pkgid sweepr-server@0.0.0
16 verbose cwd /Users/christopherjennison/src/sweepr/sweepr-server
17 error Darwin 14.0.0
18 error argv "node" "/Users/christopherjennison/.nvm/versions/node/v0.12.7/bin/npm" "start"
19 error node v0.12.7
20 error npm  v3.3.9
21 error code ELIFECYCLE
22 error sweepr-server@0.0.0 start: `node ./bin/www`
22 error Exit status 1
23 error Failed at the sweepr-server@0.0.0 start script 'node ./bin/www'.
23 error This is most likely a problem with the sweepr-server package,
23 error not with npm itself.
23 error Tell the author that this fails on your system:
23 error     node ./bin/www
23 error You can get their info via:
23 error     npm owner ls sweepr-server
23 error There is likely additional logging output above.
24 verbose exit [ 1, true ]
